<?xml version="1.0" encoding="UTF-8"?>
<!-- Generated by org.testng.reporters.JUnitXMLReporter -->
<testsuite ignored="0" hostname="DESKTOP-OP4US6A" failures="1" tests="3" name="Test" time="14.212" errors="0" timestamp="2021-06-07T13:11:02 IST">
  <testcase classname="Base.BaseClass" name="firstTestCase" time="8.032">
    <failure type="java.lang.AssertionError" message="expected [Sample Test3 Page] but found [Sample Test Page]">
      <![CDATA[java.lang.AssertionError: expected [Sample Test3 Page] but found [Sample Test Page]
at Base.BaseClass.firstTestCase(BaseClass.java:57)
at java.base/java.util.ArrayList.forEach(ArrayList.java:1511)
... Removed 33 stack frames]]>
    </failure>
  </testcase> <!-- firstTestCase -->
  <testcase classname="Base.BaseClass" name="secondTestCase" time="0.285"/>
  <testcase classname="Base.BaseClass" name="ThirdTestCase" time="0.002"/>
</testsuite> <!-- Test -->
